{
  "stats": {
    "suites": 1,
    "tests": 1,
    "passes": 1,
    "pending": 0,
    "failures": 0,
    "start": "2022-05-25T09:34:34.121Z",
    "end": "2022-05-25T09:34:46.563Z",
    "duration": 12442,
    "testsRegistered": 1,
    "passPercent": 100,
    "pendingPercent": 0,
    "other": 0,
    "hasOther": false,
    "skipped": 0,
    "hasSkipped": false
  },
  "results": [
    {
      "uuid": "1bc63dc5-8344-4a16-94e3-1bd00d834d3d",
      "title": "",
      "fullFile": "cypress/integration/veryfirsteg.js",
      "file": "cypress/integration/veryfirsteg.js",
      "beforeHooks": [],
      "afterHooks": [],
      "tests": [],
      "suites": [
        {
          "uuid": "26aca157-f9ed-4d0b-bcfb-0f57c2dead32",
          "title": "webpage",
          "fullFile": "",
          "file": "",
          "beforeHooks": [],
          "afterHooks": [],
          "tests": [
            {
              "title": "verifying the url of the webpage",
              "fullTitle": "webpage verifying the url of the webpage",
              "timedOut": null,
              "duration": 8603,
              "state": "passed",
              "speed": "medium",
              "pass": true,
              "fail": false,
              "pending": false,
              "context": null,
              "code": "cy.visit('https://rahulshettyacademy.com/AutomationPractice');",
              "err": {},
              "uuid": "6bc7a94f-3825-41c5-a32c-9f03a2b2ae8c",
              "parentUUID": "26aca157-f9ed-4d0b-bcfb-0f57c2dead32",
              "isHook": false,
              "skipped": false
            }
          ],
          "suites": [],
          "passes": [
            "6bc7a94f-3825-41c5-a32c-9f03a2b2ae8c"
          ],
          "failures": [],
          "pending": [],
          "skipped": [],
          "duration": 8603,
          "root": false,
          "rootEmpty": false,
          "_timeout": 2000
        }
      ],
      "passes": [],
      "failures": [],
      "pending": [],
      "skipped": [],
      "duration": 0,
      "root": true,
      "rootEmpty": true,
      "_timeout": 2000
    }
  ],
  "meta": {
    "mocha": {
      "version": "7.0.1"
    },
    "mochawesome": {
      "options": {
        "quiet": false,
        "reportFilename": "mochawesome",
        "saveHtml": true,
        "saveJson": true,
        "consoleReporter": "spec",
        "useInlineDiffs": false,
        "code": true
      },
      "version": "7.1.3"
    },
    "marge": {
      "options": null,
      "version": "6.2.0"
    }
  }
}